[2025-06-10 01:32:39] [INFO] [equipment_classification]: Initializing equipment classifier...
[2025-06-10 01:32:39] [INFO] [equipment_classification]: Initializing equipment classifier...
[2025-06-10 01:32:39] [INFO] [equipment_classification]: Initializing equipment classifier...
[2025-06-10 01:32:39] [INFO] [equipment_classification]: Initializing equipment classifier...
[2025-06-10 01:32:39] [INFO] [equipment_classification]: Using compute device: cuda
[2025-06-10 01:32:39] [INFO] [equipment_classification]: Loading model from: /app/models/equipment_categorization/equipment_categorization_v1_dv20241106_20250428
[2025-06-10 01:32:39] [INFO] [equipment_classification]: Initializing tokenizer...
[2025-06-10 01:32:39] [INFO] [equipment_classification]: Using compute device: cuda
[2025-06-10 01:32:39] [INFO] [equipment_classification]: Loading model from: /app/models/equipment_categorization/equipment_categorization_v1_dv20241106_20250428
[2025-06-10 01:32:39] [INFO] [equipment_classification]: Initializing tokenizer...
[2025-06-10 01:32:39] [INFO] [equipment_classification]: Using compute device: cuda
[2025-06-10 01:32:39] [INFO] [equipment_classification]: Loading model from: /app/models/equipment_categorization/equipment_categorization_v1_dv20241106_20250428
[2025-06-10 01:32:39] [INFO] [equipment_classification]: Initializing tokenizer...
[2025-06-10 01:32:39] [INFO] [equipment_classification]: Using compute device: cuda
[2025-06-10 01:32:39] [INFO] [equipment_classification]: Loading model from: /app/models/equipment_categorization/equipment_categorization_v1_dv20241106_20250428
[2025-06-10 01:32:39] [INFO] [equipment_classification]: Initializing tokenizer...
[2025-06-10 01:32:40] [INFO] [equipment_classification]: Loading model weights...
[2025-06-10 01:32:40] [INFO] [equipment_classification]: Loading model weights...
[2025-06-10 01:32:40] [INFO] [equipment_classification]: Loading model weights...
[2025-06-10 01:32:40] [INFO] [equipment_classification]: Loading model weights...
[2025-06-10 01:33:00] [INFO] [equipment_classification]: Model initialization complete
[2025-06-10 01:33:00] [INFO] [equipment_classification]: Model initialization complete
[2025-06-10 01:33:00] [INFO] [equipment_classification]: Model initialization complete
[2025-06-10 01:33:00] [INFO] [equipment_classification]: Model initialization complete
[2025-06-10 01:33:00] [INFO] [retriever]: Initializing HybridRetriever...
[2025-06-10 01:33:00] [INFO] [retriever]: Initializing HybridRetriever...
[2025-06-10 01:33:00] [INFO] [retriever]: Initializing HybridRetriever...
[2025-06-10 01:33:00] [INFO] [retriever]: Initializing HybridRetriever...
[2025-06-10 01:33:50] [INFO] [retriever]: HybridRetriever initialized successfully.
[2025-06-10 01:33:50] [INFO] [retriever]: HybridRetriever initialized successfully.
[2025-06-10 01:33:50] [INFO] [retriever]: HybridRetriever initialized successfully.
[2025-06-10 01:33:50] [INFO] [retriever]: HybridRetriever initialized successfully.
[2025-06-10 11:30:02] [INFO] [equipment_classification]: Initializing equipment classifier...
[2025-06-10 11:30:02] [INFO] [equipment_classification]: Initializing equipment classifier...
[2025-06-10 11:30:02] [INFO] [equipment_classification]: Initializing equipment classifier...
[2025-06-10 11:30:02] [INFO] [equipment_classification]: Using compute device: cpu
[2025-06-10 11:30:02] [INFO] [equipment_classification]: Using compute device: cpu
[2025-06-10 11:30:02] [INFO] [equipment_classification]: Loading model from: /app/models/equipment_categorization/equipment_categorization_v1_dv20241106_20250428
[2025-06-10 11:30:02] [INFO] [equipment_classification]: Loading model from: /app/models/equipment_categorization/equipment_categorization_v1_dv20241106_20250428
[2025-06-10 11:30:02] [INFO] [equipment_classification]: Initializing tokenizer...
[2025-06-10 11:30:02] [INFO] [equipment_classification]: Initializing tokenizer...
[2025-06-10 11:30:02] [INFO] [equipment_classification]: Using compute device: cpu
[2025-06-10 11:30:02] [INFO] [equipment_classification]: Loading model from: /app/models/equipment_categorization/equipment_categorization_v1_dv20241106_20250428
[2025-06-10 11:30:02] [INFO] [equipment_classification]: Initializing tokenizer...
[2025-06-10 11:30:03] [INFO] [equipment_classification]: Initializing equipment classifier...
[2025-06-10 11:30:03] [INFO] [equipment_classification]: Using compute device: cpu
[2025-06-10 11:30:03] [INFO] [equipment_classification]: Loading model from: /app/models/equipment_categorization/equipment_categorization_v1_dv20241106_20250428
[2025-06-10 11:30:03] [INFO] [equipment_classification]: Initializing tokenizer...
[2025-06-10 11:30:03] [INFO] [equipment_classification]: Loading model weights...
[2025-06-10 11:30:03] [INFO] [equipment_classification]: Loading model weights...
[2025-06-10 11:30:03] [INFO] [equipment_classification]: Loading model weights...
[2025-06-10 11:30:03] [INFO] [equipment_classification]: Loading model weights...
[2025-06-10 11:30:09] [INFO] [equipment_classification]: Model initialization complete
[2025-06-10 11:30:09] [INFO] [equipment_classification]: Model initialization complete
[2025-06-10 11:30:09] [INFO] [equipment_classification]: Model initialization complete
[2025-06-10 11:30:09] [INFO] [equipment_classification]: Model initialization complete
[2025-06-10 11:30:09] [INFO] [retriever]: Initializing HybridRetriever...
[2025-06-10 11:30:09] [INFO] [retriever]: Initializing HybridRetriever...
[2025-06-10 11:30:09] [INFO] [retriever]: Initializing HybridRetriever...
[2025-06-10 11:30:09] [INFO] [retriever]: Initializing HybridRetriever...
[2025-06-10 11:30:11] [INFO] [retriever]: HybridRetriever initialized successfully.
[2025-06-10 11:30:11] [INFO] [retriever]: HybridRetriever initialized successfully.
[2025-06-10 11:30:11] [INFO] [retriever]: HybridRetriever initialized successfully.
[2025-06-10 11:30:11] [INFO] [retriever]: HybridRetriever initialized successfully.
